<?xml version="1.0" encoding="UTF-8"?>
<!-- Generated by org.testng.reporters.JUnitReportReporter -->
<testsuite hostname="PavanKalyan" failures="0" tests="1" name="practice.testNg.AnnotationsPractice" time="0.011" errors="0" timestamp="2024-05-29T13:24:48 IST" skipped="0">
  <testcase classname="practice.testNg.AnnotationsPractice" name="test" time="0.011"/>
</testsuite> <!-- practice.testNg.AnnotationsPractice -->
