<?xml version="1.0" encoding="UTF-8"?>
<!-- Generated by org.testng.reporters.JUnitReportReporter -->
<testsuite hostname="PavanKalyan" failures="0" tests="1" name="task.AvedaTest" time="25.544" errors="0" timestamp="2024-05-30T18:29:54 IST" skipped="0">
  <testcase classname="task.AvedaTest" name="fashionTest" time="25.544"/>
</testsuite> <!-- task.AvedaTest -->
