<?xml version="1.0" encoding="UTF-8"?>
<!-- Generated by org.testng.reporters.JUnitReportReporter -->
<testsuite hostname="DESKTOP-1ILS8EV" failures="0" tests="3" name="com.vTiger.crm.orgTest.CreateOrgTest" time="84.107" errors="0" timestamp="2025-10-06T11:02:06 IST" skipped="0">
  <testcase classname="com.vTiger.crm.orgTest.CreateOrgTest" name="createOrgWithIndustries" time="25.416"/>
  <testcase classname="com.vTiger.crm.orgTest.CreateOrgTest" name="createOrgTest" time="31.653"/>
  <testcase classname="com.vTiger.crm.orgTest.CreateOrgTest" name="createOrgwithPhoneNumber" time="27.038"/>
</testsuite> <!-- com.vTiger.crm.orgTest.CreateOrgTest -->
