<?xml version="1.0" encoding="UTF-8"?>
<!-- Generated by org.testng.reporters.JUnitReportReporter -->
<testsuite hostname="PavanKalyan" failures="0" tests="2" name="practice.testNg.SampleTest" time="0.016" errors="0" timestamp="2024-05-21T17:46:37 IST" skipped="0">
  <testcase classname="practice.testNg.SampleTest" name="createContactTestWithPhone" time="0.003"/>
  <system-out/>
  <testcase classname="practice.testNg.SampleTest" name="createContactTest" time="0.013"/>
  <system-out/>
</testsuite> <!-- practice.testNg.SampleTest -->
