<?xml version="1.0" encoding="UTF-8"?>
<!-- Generated by org.testng.reporters.JUnitReportReporter -->
<testsuite hostname="PavanKalyan" failures="0" tests="1" name="task.FlipKartTest" time="18.941" errors="0" timestamp="2024-05-28T22:11:17 IST" skipped="0">
  <testcase classname="task.FlipKartTest" name="fashionTest" time="18.941"/>
</testsuite> <!-- task.FlipKartTest -->
