<?xml version="1.0" encoding="UTF-8"?>
<!-- Generated by org.testng.reporters.JUnitReportReporter -->
<testsuite hostname="PavanKalyan" failures="0" tests="1" name="task.FlipKart2Test" time="36.395" errors="0" timestamp="2024-05-29T10:53:26 IST" skipped="0">
  <testcase classname="task.FlipKart2Test" name="fashionTest" time="36.395"/>
</testsuite> <!-- task.FlipKart2Test -->
