<?xml version="1.0" encoding="UTF-8"?>
<!-- Generated by org.testng.reporters.JUnitReportReporter -->
<testsuite hostname="PavanKalyan" failures="0" tests="1" name="practice.testNg.CreateContactTest" time="12.180" errors="0" timestamp="2024-05-24T12:20:24 IST" skipped="0">
  <testcase classname="practice.testNg.CreateContactTest" name="main" time="12.180"/>
</testsuite> <!-- practice.testNg.CreateContactTest -->
