<?xml version="1.0" encoding="UTF-8"?>
<!-- Generated by org.testng.reporters.JUnitReportReporter -->
<testsuite hostname="PavanKalyan" failures="0" tests="3" name="contactTestPractice.CreateContactTest" time="65.604" errors="0" timestamp="2024-06-05T11:09:00 IST" skipped="0">
  <testcase classname="contactTestPractice.CreateContactTest" name="createContactWithSupportDate" time="19.372"/>
  <testcase classname="contactTestPractice.CreateContactTest" name="createContactTest" time="16.380"/>
  <testcase classname="contactTestPractice.CreateContactTest" name="createContactWithOrg" time="29.852"/>
</testsuite> <!-- contactTestPractice.CreateContactTest -->
