<?xml version="1.0" encoding="UTF-8"?>
<!-- Generated by org.testng.reporters.JUnitReportReporter -->
<testsuite hostname="PavanKalyan" failures="0" tests="3" name="contactTestPractice.ThreadPoolCount" time="17.550" errors="0" timestamp="2024-06-05T11:18:00 IST" skipped="0">
  <testcase classname="contactTestPractice.ThreadPoolCount" name="m1" time="4.519"/>
  <testcase classname="contactTestPractice.ThreadPoolCount" name="m1" time="6.476"/>
  <testcase classname="contactTestPractice.ThreadPoolCount" name="m1" time="6.555"/>
</testsuite> <!-- contactTestPractice.ThreadPoolCount -->
