<?xml version="1.0" encoding="UTF-8"?>
<!-- Generated by org.testng.reporters.JUnitReportReporter -->
<testsuite hostname="PavanKalyan" failures="0" tests="1" name="contactTestPractice.SystemInfo" time="2.730" errors="0" timestamp="2024-06-05T10:26:04 IST" skipped="0">
  <testcase classname="contactTestPractice.SystemInfo" name="info" time="2.730"/>
</testsuite> <!-- contactTestPractice.SystemInfo -->
