<?xml version="1.0" encoding="UTF-8"?>
<!-- Generated by org.testng.reporters.JUnitReportReporter -->
<testsuite hostname="PavanKalyan" failures="0" tests="1" name="practice.testNg.dateDemo" time="0.059" errors="0" timestamp="2024-05-31T15:10:04 IST" skipped="0">
  <testcase classname="practice.testNg.dateDemo" name="requiredDateYYYYMMDD" time="0.059"/>
</testsuite> <!-- practice.testNg.dateDemo -->
