<?xml version="1.0" encoding="UTF-8"?>
<!-- Generated by org.testng.reporters.JUnitReportReporter -->
<testsuite hostname="PavanKalyan" failures="0" tests="1" name="practice.testNg.trycatch" time="0.017" errors="0" timestamp="2024-05-29T13:27:35 IST" skipped="0">
  <testcase classname="practice.testNg.trycatch" name="m1" time="0.017"/>
</testsuite> <!-- practice.testNg.trycatch -->
