<?xml version="1.0" encoding="UTF-8"?>
<!-- Generated by org.testng.reporters.JUnitReportReporter -->
<testsuite hostname="PavanKalyan" failures="0" tests="2" name="threadPractice.ParallelTestDemo" time="14.010" errors="0" timestamp="2024-06-04T15:40:43 IST" skipped="0">
  <testcase classname="threadPractice.ParallelTestDemo" name="yahooSearchTest" time="8.453"/>
  <testcase classname="threadPractice.ParallelTestDemo" name="googleSearchTest" time="5.557"/>
</testsuite> <!-- threadPractice.ParallelTestDemo -->
