<?xml version="1.0" encoding="UTF-8"?>
<!-- Generated by org.testng.reporters.JUnitReportReporter -->
<testsuite hostname="PavanKalyan" failures="0" tests="10" name="task.CHARRANDOM" time="0.049" errors="0" timestamp="2024-05-31T13:20:08 IST" skipped="0">
  <testcase classname="task.CHARRANDOM" name="test" time="0.004"/>
  <testcase classname="task.CHARRANDOM" name="test" time="0.001"/>
  <testcase classname="task.CHARRANDOM" name="test" time="0.005"/>
  <testcase classname="task.CHARRANDOM" name="test" time="0.006"/>
  <testcase classname="task.CHARRANDOM" name="test" time="0.005"/>
  <testcase classname="task.CHARRANDOM" name="test" time="0.001"/>
  <testcase classname="task.CHARRANDOM" name="test" time="0.004"/>
  <testcase classname="task.CHARRANDOM" name="test" time="0.014"/>
  <testcase classname="task.CHARRANDOM" name="test" time="0.003"/>
  <testcase classname="task.CHARRANDOM" name="test" time="0.006"/>
</testsuite> <!-- task.CHARRANDOM -->
