<?xml version="1.0" encoding="UTF-8"?>
<!-- Generated by org.testng.reporters.JUnitReportReporter -->
<testsuite hostname="PavanKalyan" failures="0" tests="3" name="contactTestPractice.CreateOrgTest" time="57.189" errors="0" timestamp="2024-06-05T11:09:00 IST" skipped="0">
  <testcase classname="contactTestPractice.CreateOrgTest" name="createOrgWithIndustries" time="19.136"/>
  <testcase classname="contactTestPractice.CreateOrgTest" name="createOrgwithPhoneNumber" time="19.369"/>
  <testcase classname="contactTestPractice.CreateOrgTest" name="createOrgTest" time="18.684"/>
</testsuite> <!-- contactTestPractice.CreateOrgTest -->
