<?xml version="1.0" encoding="UTF-8"?>
<!-- Generated by org.testng.reporters.JUnitReportReporter -->
<testsuite hostname="PavanKalyan" failures="0" tests="1" name="task.NoonTest" time="93.922" errors="0" timestamp="2024-05-23T15:03:56 IST" skipped="0">
  <testcase classname="task.NoonTest" name="appleTest" time="93.922"/>
  <system-out/>
</testsuite> <!-- task.NoonTest -->
