<?xml version="1.0" encoding="UTF-8"?>
<!-- Generated by org.testng.reporters.JUnitReportReporter -->
<testsuite hostname="PavanKalyan" failures="0" tests="1" name="task.Aveda2" time="24.406" errors="0" timestamp="2024-05-30T18:48:33 IST" skipped="0">
  <testcase classname="task.Aveda2" name="fashionTest" time="24.406"/>
</testsuite> <!-- task.Aveda2 -->
