<?xml version="1.0" encoding="UTF-8"?>
<!-- Generated by org.testng.reporters.JUnitReportReporter -->
<testsuite hostname="DESKTOP-1ILS8EV" failures="0" tests="2" name="com.vTiger.crm.contactTest.CreateContactTest" time="115.202" errors="0" timestamp="2025-10-06T11:02:06 IST" skipped="0">
  <testcase classname="com.vTiger.crm.contactTest.CreateContactTest" name="createContactWithOrg" time="87.243"/>
  <testcase classname="com.vTiger.crm.contactTest.CreateContactTest" name="createContactWithSupportDate" time="27.959"/>
</testsuite> <!-- com.vTiger.crm.contactTest.CreateContactTest -->
