<?xml version="1.0" encoding="UTF-8"?>
<!-- Generated by org.testng.reporters.JUnitReportReporter -->
<testsuite hostname="PavanKalyan" failures="0" tests="1" name="practice.testNg.ConfigAnnotations" time="0.009" errors="0" timestamp="2024-05-23T15:21:11 IST" skipped="0">
  <testcase classname="practice.testNg.ConfigAnnotations" name="CreateContactTest" time="0.009"/>
  <system-out/>
</testsuite> <!-- practice.testNg.ConfigAnnotations -->
