<?xml version="1.0" encoding="UTF-8"?>
<!-- Generated by org.testng.reporters.JUnitReportReporter -->
<testsuite hostname="PavanKalyan" failures="0" tests="4" name="practice.testNg.Testngdemo" time="0.010" errors="0" timestamp="2024-05-22T18:12:57 IST" skipped="0">
  <testcase classname="practice.testNg.Testngdemo" name="a1" time="0.007"/>
  <system-out/>
  <testcase classname="practice.testNg.Testngdemo" name="a" time="0.002"/>
  <system-out/>
  <testcase classname="practice.testNg.Testngdemo" name="c" time="0.001"/>
  <system-out/>
  <testcase classname="practice.testNg.Testngdemo" name="b" time="0.000"/>
  <system-out/>
</testsuite> <!-- practice.testNg.Testngdemo -->
