<?xml version="1.0" encoding="UTF-8"?>
<!-- Generated by org.testng.reporters.JUnitReportReporter -->
<testsuite hostname="PavanKalyan" failures="0" tests="3" name="com.vTiger.crm.contactTest.CreateContactTest" time="74.566" errors="0" timestamp="2024-06-06T17:27:16 IST" skipped="0">
  <testcase classname="com.vTiger.crm.contactTest.CreateContactTest" name="createContactWithSupportDate" time="15.915"/>
  <testcase classname="com.vTiger.crm.contactTest.CreateContactTest" name="createContactTest" time="25.660"/>
  <testcase classname="com.vTiger.crm.contactTest.CreateContactTest" name="createContactWithOrg" time="32.991"/>
</testsuite> <!-- com.vTiger.crm.contactTest.CreateContactTest -->
