<?xml version="1.0" encoding="UTF-8"?>
<!-- Generated by org.testng.reporters.JUnitReportReporter -->
<testsuite hostname="PavanKalyan" failures="0" tests="1" name="com.vTiger.crm.orgTest.CreateOrgTest" time="10.557" errors="0" timestamp="2024-07-18T12:20:41 IST" skipped="0">
  <testcase classname="com.vTiger.crm.orgTest.CreateOrgTest" name="createOrgTest" time="10.557"/>
</testsuite> <!-- com.vTiger.crm.orgTest.CreateOrgTest -->
