<?xml version="1.0" encoding="UTF-8"?>
<!-- Generated by org.testng.reporters.JUnitReportReporter -->
<testsuite hostname="PavanKalyan" failures="0" tests="2" name="practice.testNg.Assertion_SampleTest" time="0.039" errors="0" timestamp="2024-05-28T10:55:53 IST" skipped="0">
  <testcase classname="practice.testNg.Assertion_SampleTest" name="sampleTest1" time="0.029">
    <system-out>
      <![CDATA[sampleTest1
Step-1
Step-2
Step-3
Step-4
Step-5]]>
    </system-out>
  </testcase> <!-- sampleTest1 -->
  <testcase classname="practice.testNg.Assertion_SampleTest" name="sampleTest" time="0.010">
    <system-out>
      <![CDATA[sampleTest test start
Step-1

null
Step-2
Step-3
Step-4
Step-5
sampleTest]]>
    </system-out>
  </testcase> <!-- sampleTest -->
  <system-out>
    <![CDATA[sampleTest test start
Step-1

null
Step-2
Step-3
Step-4
Step-5
sampleTest
sampleTest1
Step-1
Step-2
Step-3
Step-4
Step-5]]>
  </system-out>
</testsuite> <!-- practice.testNg.Assertion_SampleTest -->
