<?xml version="1.0" encoding="UTF-8"?>
<!-- Generated by org.testng.reporters.JUnitReportReporter -->
<testsuite hostname="PavanKalyan" failures="0" tests="1" name="com.vTiger.crm.contactTest.CreateContactTest" time="22.367" errors="0" timestamp="2024-07-18T12:20:41 IST" skipped="0">
  <testcase classname="com.vTiger.crm.contactTest.CreateContactTest" name="createContactTest" time="22.367"/>
</testsuite> <!-- com.vTiger.crm.contactTest.CreateContactTest -->
