<?xml version="1.0" encoding="UTF-8"?>
<!-- Generated by org.testng.reporters.JUnitReportReporter -->
<testsuite hostname="PavanKalyan" failures="0" tests="3" name="com.vTiger.crm.orgTest.CreateOrgTest" time="63.487" errors="0" timestamp="2024-06-06T17:27:16 IST" skipped="0">
  <testcase classname="com.vTiger.crm.orgTest.CreateOrgTest" name="createOrgTest" time="23.225"/>
  <testcase classname="com.vTiger.crm.orgTest.CreateOrgTest" name="createOrgwithPhoneNumber" time="20.691"/>
  <testcase classname="com.vTiger.crm.orgTest.CreateOrgTest" name="createOrgWithIndustries" time="19.571"/>
</testsuite> <!-- com.vTiger.crm.orgTest.CreateOrgTest -->
