<?xml version="1.0" encoding="UTF-8"?>
<!-- Generated by org.testng.reporters.JUnitXMLReporter -->
<testsuite ignored="2" hostname="PavanKalyan" failures="0" tests="6" name="Test-Runner-firefox" time="86.096" errors="0" timestamp="2024-05-27T11:01:53 IST">
  <testcase classname="com.vTiger.crm.contactTest.CreateContactTest" name="createContactTest" time="7.723"/>
  <testcase classname="com.vTiger.crm.contactTest.CreateContactTest" name="createContactWithOrg" time="14.326"/>
  <testcase classname="com.vTiger.crm.contactTest.CreateContactTest" name="createContactWithSupportDate" time="6.819"/>
  <testcase classname="com.vTiger.crm.orgTest.CreateOrgTest" name="createOrgTest" time="7.043"/>
  <testcase classname="com.vTiger.crm.orgTest.CreateOrgTest" name="createOrgWithIndustries" time="7.152"/>
  <testcase classname="com.vTiger.crm.orgTest.CreateOrgTest" name="createOrgwithPhoneNumber" time="6.432"/>
  <testcase classname="com.vTiger.crm.baseTest.BaseClassTest" name="@AfterSuite afterSuite" time="0.0">
    <ignored/>
  </testcase> <!-- @AfterSuite afterSuite -->
  <testcase classname="com.vTiger.crm.baseTest.BaseClassTest" name="@BeforeSuite beforeSuite" time="0.0">
    <ignored/>
  </testcase> <!-- @BeforeSuite beforeSuite -->
</testsuite> <!-- Test-Runner-firefox -->
