<?xml version="1.0" encoding="UTF-8"?>
<!-- Generated by org.testng.reporters.JUnitXMLReporter -->
<testsuite ignored="0" hostname="PavanKalyan" failures="0" tests="3" name="Test-3" time="81.932" errors="0" timestamp="2024-05-27T10:33:38 IST">
  <testcase classname="com.vTiger.crm.contactTest.CreateContactTest" name="createContactTest" time="24.881"/>
  <testcase classname="com.vTiger.crm.contactTest.CreateContactTest" name="createContactWithOrg" time="20.56"/>
  <testcase classname="com.vTiger.crm.contactTest.CreateContactTest" name="createContactWithSupportDate" time="7.068"/>
</testsuite> <!-- Test-3 -->
