<?xml version="1.0" encoding="UTF-8"?>
<!-- Generated by org.testng.reporters.JUnitXMLReporter -->
<testsuite ignored="0" hostname="PavanKalyan" failures="0" tests="3" name="Test-2" time="81.369" errors="0" timestamp="2024-05-27T10:33:37 IST">
  <testcase classname="com.vTiger.crm.contactTest.CreateContactTest" name="createContactTest" time="24.71"/>
  <testcase classname="com.vTiger.crm.contactTest.CreateContactTest" name="createContactWithOrg" time="19.395"/>
  <testcase classname="com.vTiger.crm.contactTest.CreateContactTest" name="createContactWithSupportDate" time="7.304"/>
</testsuite> <!-- Test-2 -->
